Exploration report for DE4Gen2x8If128
Tue Jul 24 20:36:23 2018
Quartus Prime Version 17.1.0 Build 590 10/25/2017 SJ Standard Edition


+------------------+
; Table of Contents;
+------------------+
  1. Legal Notice
  2. Exploration Summary
  3. DSE Messages

+-------------+
; Legal Notice;
+-------------+
Copyright (C) 1991-2018 Altera Corporation. All rights reserved.
Your use of Intel Corporation's design tools, logic functions 
and other software and tools, and its AMPP partner logic 
functions, and any output files from any of the foregoing 
(including device programming or simulation files), and any 
associated documentation or information are expressly subject 
to the terms and conditions of the Intel Program License 
Subscription Agreement, the Intel Quartus Prime License Agreement,
the Intel FPGA IP License Agreement, or other applicable license
agreement, including, without limitation, that your use is for
the sole purpose of programming logic devices manufactured by
Intel and sold by Intel or its authorized distributors.  Please
refer to the applicable agreement for further details.


+-----------------+
; Exploration Summary;
+-----------------+
;Exploration Point;
+-----------------+
+-----------------+

+-------------+
; DSE Messages;
+-------------+

