EDA Netlist Writer report for DE4Gen2x8If128
Wed Aug 29 18:38:17 2018
Quartus Prime Version 17.1.0 Build 590 10/25/2017 SJ Standard Edition


---------------------
; Table of Contents ;
---------------------
  1. Legal Notice
  2. EDA Netlist Writer Summary
  3. Simulation Settings
  4. Simulation Generated Files
  5. EDA Netlist Writer Messages



----------------
; Legal Notice ;
----------------
Copyright (C) 2017  Intel Corporation. All rights reserved.
Your use of Intel Corporation's design tools, logic functions 
and other software and tools, and its AMPP partner logic 
functions, and any output files from any of the foregoing 
(including device programming or simulation files), and any 
associated documentation or information are expressly subject 
to the terms and conditions of the Intel Program License 
Subscription Agreement, the Intel Quartus Prime License Agreement,
the Intel FPGA IP License Agreement, or other applicable license
agreement, including, without limitation, that your use is for
the sole purpose of programming logic devices manufactured by
Intel and sold by Intel or its authorized distributors.  Please
refer to the applicable agreement for further details.



+-------------------------------------------------------------------+
; EDA Netlist Writer Summary                                        ;
+---------------------------+---------------------------------------+
; EDA Netlist Writer Status ; Successful - Wed Aug 29 18:38:17 2018 ;
; Revision Name             ; DE4Gen2x8If128                        ;
; Top-level Entity Name     ; DE4Gen2x8If128                        ;
; Family                    ; Stratix IV                            ;
; Simulation Files Creation ; Successful                            ;
+---------------------------+---------------------------------------+


+-------------------------------------------------------------------------------------------------------------------------------+
; Simulation Settings                                                                                                           ;
+---------------------------------------------------------------------------------------------------+---------------------------+
; Option                                                                                            ; Setting                   ;
+---------------------------------------------------------------------------------------------------+---------------------------+
; Tool Name                                                                                         ; ModelSim-Altera (Verilog) ;
; Generate functional simulation netlist                                                            ; Off                       ;
; Time scale                                                                                        ; 1 ps                      ;
; Truncate long hierarchy paths                                                                     ; Off                       ;
; Map illegal HDL characters                                                                        ; Off                       ;
; Flatten buses into individual nodes                                                               ; Off                       ;
; Maintain hierarchy                                                                                ; Off                       ;
; Bring out device-wide set/reset signals as ports                                                  ; Off                       ;
; Enable glitch filtering                                                                           ; Off                       ;
; Do not write top level VHDL entity                                                                ; Off                       ;
; Disable detection of setup and hold time violations in the input registers of bi-directional pins ; Off                       ;
; Architecture name in VHDL output netlist                                                          ; structure                 ;
; Generate third-party EDA tool command script for RTL functional simulation                        ; Off                       ;
; Generate third-party EDA tool command script for gate-level simulation                            ; Off                       ;
+---------------------------------------------------------------------------------------------------+---------------------------+


+----------------------------------------------------------------------------------------------------------------------------------------+
; Simulation Generated Files                                                                                                             ;
+----------------------------------------------------------------------------------------------------------------------------------------+
; Generated Files                                                                                                                        ;
+----------------------------------------------------------------------------------------------------------------------------------------+
; /home/phung/Documents/fpga_overlay/riffa/fpga/altera/de4/DE4Gen2x8If128/prj/simulation/modelsim/DE4Gen2x8If128_2_900mv_85c_slow.vo     ;
; /home/phung/Documents/fpga_overlay/riffa/fpga/altera/de4/DE4Gen2x8If128/prj/simulation/modelsim/DE4Gen2x8If128_2_900mv_0c_slow.vo      ;
; /home/phung/Documents/fpga_overlay/riffa/fpga/altera/de4/DE4Gen2x8If128/prj/simulation/modelsim/DE4Gen2x8If128_min_900mv_0c_fast.vo    ;
; /home/phung/Documents/fpga_overlay/riffa/fpga/altera/de4/DE4Gen2x8If128/prj/simulation/modelsim/DE4Gen2x8If128.vo                      ;
; /home/phung/Documents/fpga_overlay/riffa/fpga/altera/de4/DE4Gen2x8If128/prj/simulation/modelsim/DE4Gen2x8If128_2_900mv_85c_v_slow.sdo  ;
; /home/phung/Documents/fpga_overlay/riffa/fpga/altera/de4/DE4Gen2x8If128/prj/simulation/modelsim/DE4Gen2x8If128_2_900mv_0c_v_slow.sdo   ;
; /home/phung/Documents/fpga_overlay/riffa/fpga/altera/de4/DE4Gen2x8If128/prj/simulation/modelsim/DE4Gen2x8If128_min_900mv_0c_v_fast.sdo ;
; /home/phung/Documents/fpga_overlay/riffa/fpga/altera/de4/DE4Gen2x8If128/prj/simulation/modelsim/DE4Gen2x8If128_v.sdo                   ;
+----------------------------------------------------------------------------------------------------------------------------------------+


+-----------------------------+
; EDA Netlist Writer Messages ;
+-----------------------------+
Info: *******************************************************************
Info: Running Quartus Prime EDA Netlist Writer
    Info: Version 17.1.0 Build 590 10/25/2017 SJ Standard Edition
    Info: Processing started: Wed Aug 29 18:37:18 2018
Info: Command: quartus_eda --read_settings_files=off --write_settings_files=off DE4Gen2x8If128 -c DE4Gen2x8If128
Warning (18236): Number of processors has not been specified which may cause overloading on shared machines.  Set the global assignment NUM_PARALLEL_PROCESSORS in your QSF to an appropriate value for best performance.
Info (204019): Generated file DE4Gen2x8If128_2_900mv_85c_slow.vo in folder "/home/phung/Documents/fpga_overlay/riffa/fpga/altera/de4/DE4Gen2x8If128/prj/simulation/modelsim/" for EDA simulation tool
Info (204019): Generated file DE4Gen2x8If128_2_900mv_0c_slow.vo in folder "/home/phung/Documents/fpga_overlay/riffa/fpga/altera/de4/DE4Gen2x8If128/prj/simulation/modelsim/" for EDA simulation tool
Info (204019): Generated file DE4Gen2x8If128_min_900mv_0c_fast.vo in folder "/home/phung/Documents/fpga_overlay/riffa/fpga/altera/de4/DE4Gen2x8If128/prj/simulation/modelsim/" for EDA simulation tool
Info (204019): Generated file DE4Gen2x8If128.vo in folder "/home/phung/Documents/fpga_overlay/riffa/fpga/altera/de4/DE4Gen2x8If128/prj/simulation/modelsim/" for EDA simulation tool
Info (204019): Generated file DE4Gen2x8If128_2_900mv_85c_v_slow.sdo in folder "/home/phung/Documents/fpga_overlay/riffa/fpga/altera/de4/DE4Gen2x8If128/prj/simulation/modelsim/" for EDA simulation tool
Info (204019): Generated file DE4Gen2x8If128_2_900mv_0c_v_slow.sdo in folder "/home/phung/Documents/fpga_overlay/riffa/fpga/altera/de4/DE4Gen2x8If128/prj/simulation/modelsim/" for EDA simulation tool
Info (204019): Generated file DE4Gen2x8If128_min_900mv_0c_v_fast.sdo in folder "/home/phung/Documents/fpga_overlay/riffa/fpga/altera/de4/DE4Gen2x8If128/prj/simulation/modelsim/" for EDA simulation tool
Info (204019): Generated file DE4Gen2x8If128_v.sdo in folder "/home/phung/Documents/fpga_overlay/riffa/fpga/altera/de4/DE4Gen2x8If128/prj/simulation/modelsim/" for EDA simulation tool
Info: Quartus Prime EDA Netlist Writer was successful. 0 errors, 1 warning
    Info: Peak virtual memory: 1789 megabytes
    Info: Processing ended: Wed Aug 29 18:38:18 2018
    Info: Elapsed time: 00:01:00
    Info: Total CPU time (on all processors): 00:00:58


