Assembler report for DE4Gen2x8If128
Tue Apr 10 11:26:13 2018
Quartus Prime Version 17.1.0 Build 590 10/25/2017 SJ Standard Edition


---------------------
; Table of Contents ;
---------------------
  1. Legal Notice
  2. Assembler Summary
  3. Assembler Settings
  4. Assembler Encrypted IP Cores Summary
  5. Assembler Generated Files
  6. Assembler Device Options: DE4Gen2x8If128.sof
  7. Assembler Messages



----------------
; Legal Notice ;
----------------
Copyright (C) 2017  Intel Corporation. All rights reserved.
Your use of Intel Corporation's design tools, logic functions 
and other software and tools, and its AMPP partner logic 
functions, and any output files from any of the foregoing 
(including device programming or simulation files), and any 
associated documentation or information are expressly subject 
to the terms and conditions of the Intel Program License 
Subscription Agreement, the Intel Quartus Prime License Agreement,
the Intel FPGA IP License Agreement, or other applicable license
agreement, including, without limitation, that your use is for
the sole purpose of programming logic devices manufactured by
Intel and sold by Intel or its authorized distributors.  Please
refer to the applicable agreement for further details.



+---------------------------------------------------------------+
; Assembler Summary                                             ;
+-----------------------+---------------------------------------+
; Assembler Status      ; Successful - Tue Apr 10 11:26:13 2018 ;
; Revision Name         ; DE4Gen2x8If128                        ;
; Top-level Entity Name ; DE4Gen2x8If128                        ;
; Family                ; Stratix IV                            ;
; Device                ; EP4SGX230KF40C2                       ;
+-----------------------+---------------------------------------+


+----------------------------------+
; Assembler Settings               ;
+--------+---------+---------------+
; Option ; Setting ; Default Value ;
+--------+---------+---------------+


+----------------------------------------------------------+
; Assembler Encrypted IP Cores Summary                     ;
+--------+----------------------------------+--------------+
; Vendor ; IP Core Name                     ; License Type ;
+--------+----------------------------------+--------------+
; Altera ; Signal Tap (6AF7 BCE1)           ; Licensed     ;
; Altera ; Signal Tap (6AF7 BCEC)           ; Licensed     ;
; Altera ; PCI_Express_Compiler (6AF7 FFFF) ; Licensed     ;
+--------+----------------------------------+--------------+


+------------------------------------------------------------------------------------------------+
; Assembler Generated Files                                                                      ;
+------------------------------------------------------------------------------------------------+
; File Name                                                                                      ;
+------------------------------------------------------------------------------------------------+
; /home/phung/Documents/fpga_overlay/riffa/fpga/altera/de4/DE4Gen2x8If128/bit/DE4Gen2x8If128.sof ;
+------------------------------------------------------------------------------------------------+


+----------------------------------------------+
; Assembler Device Options: DE4Gen2x8If128.sof ;
+----------------+-----------------------------+
; Option         ; Setting                     ;
+----------------+-----------------------------+
; JTAG usercode  ; 0x0895CE40                  ;
; Checksum       ; 0x0895CE40                  ;
+----------------+-----------------------------+


+--------------------+
; Assembler Messages ;
+--------------------+
Info: *******************************************************************
Info: Running Quartus Prime Assembler
    Info: Version 17.1.0 Build 590 10/25/2017 SJ Standard Edition
    Info: Processing started: Tue Apr 10 11:25:52 2018
Info: Command: quartus_asm --read_settings_files=off --write_settings_files=off DE4Gen2x8If128 -c DE4Gen2x8If128
Warning (18236): Number of processors has not been specified which may cause overloading on shared machines.  Set the global assignment NUM_PARALLEL_PROCESSORS in your QSF to an appropriate value for best performance.
Info (115031): Writing out detailed assembly data for power analysis
Info (115030): Assembler is generating device programming files
Info: Quartus Prime Assembler was successful. 0 errors, 1 warning
    Info: Peak virtual memory: 1263 megabytes
    Info: Processing ended: Tue Apr 10 11:26:13 2018
    Info: Elapsed time: 00:00:21
    Info: Total CPU time (on all processors): 00:00:20


